# JRE version: OpenJDK Runtime Environment Temurin-21.0.4+7 (21.0.4+7) (build 21.0.4+7-LTS)
# Java VM: OpenJDK 64-Bit Server VM Temurin-21.0.4+7 (21.0.4+7-LTS, mixed mode, tiered, compressed oops, compressed class ptrs, g1 gc, windows-amd64)
GC Precious Log:
 CardTable entry size: 512
 Card Set container configuration: InlinePtr #cards 4 size 8 Array Of Cards #cards 16 size 48 Howl #buckets 8 coarsen threshold 3686 Howl Bitmap #cards 512 size 80 coarsen threshold 460 Card regions per heap region 1 cards per card region 4096
 CPUs: 20 total, 20 available
 Memory: 16108M
 Large Page Support: Disabled
 NUMA Support: Disabled
 Compressed Oops: Enabled (Zero based)
 Heap Region Size: 2M
 Heap Min Capacity: 8M
 Heap Initial Capacity: 252M
 Heap Max Capacity: 4028M
 Pre-touch: Disabled
 Parallel Workers: 15
 Concurrent Workers: 4
 Concurrent Refinement Workers: 15
 Periodic GC: Disabled
Heap:
 garbage-first heap   total 143360K, used 121787K [0x0000000704400000, 0x0000000800000000)
  region size 2048K, 37 young (75776K), 3 survivors (6144K)
 Metaspace       used 118144K, committed 119040K, reserved 1179648K
  class space    used 15081K, committed 15488K, reserved 1048576K
GC Heap History (20 events):
Event: 7.005 GC heap before
{Heap before GC invocations=30 (full 0):
 garbage-first heap   total 98304K, used 82358K [0x0000000704400000, 0x0000000800000000)
  region size 2048K, 24 young (49152K), 3 survivors (6144K)
 Metaspace       used 90084K, committed 90752K, reserved 1179648K
  class space    used 11389K, committed 11648K, reserved 1048576K
}
Event: 7.007 GC heap after
{Heap after GC invocations=31 (full 0):
 garbage-first heap   total 98304K, used 40603K [0x0000000704400000, 0x0000000800000000)
  region size 2048K, 1 young (2048K), 1 survivors (2048K)
 Metaspace       used 90084K, committed 90752K, reserved 1179648K
  class space    used 11389K, committed 11648K, reserved 1048576K
}
Event: 7.148 GC heap before
{Heap before GC invocations=32 (full 0):
 garbage-first heap   total 98304K, used 87707K [0x0000000704400000, 0x0000000800000000)
  region size 2048K, 25 young (51200K), 1 survivors (2048K)
 Metaspace       used 91319K, committed 91968K, reserved 1179648K
  class space    used 11743K, committed 12032K, reserved 1048576K
}
Event: 7.150 GC heap after
{Heap after GC invocations=33 (full 0):
 garbage-first heap   total 118784K, used 42622K [0x0000000704400000, 0x0000000800000000)
  region size 2048K, 2 young (4096K), 2 survivors (4096K)
 Metaspace       used 91319K, committed 91968K, reserved 1179648K
  class space    used 11743K, committed 12032K, reserved 1048576K
}
Event: 7.237 GC heap before
{Heap before GC invocations=33 (full 0):
 garbage-first heap   total 118784K, used 106110K [0x0000000704400000, 0x0000000800000000)
  region size 2048K, 33 young (67584K), 2 survivors (4096K)
 Metaspace       used 92756K, committed 93376K, reserved 1179648K
  class space    used 11925K, committed 12160K, reserved 1048576K
}
Event: 7.240 GC heap after
{Heap after GC invocations=34 (full 0):
 garbage-first heap   total 118784K, used 42001K [0x0000000704400000, 0x0000000800000000)
  region size 2048K, 2 young (4096K), 2 survivors (4096K)
 Metaspace       used 92756K, committed 93376K, reserved 1179648K
  class space    used 11925K, committed 12160K, reserved 1048576K
}
Event: 7.763 GC heap before
{Heap before GC invocations=34 (full 0):
 garbage-first heap   total 118784K, used 105489K [0x0000000704400000, 0x0000000800000000)
  region size 2048K, 33 young (67584K), 2 survivors (4096K)
 Metaspace       used 94971K, committed 95680K, reserved 1179648K
  class space    used 12187K, committed 12544K, reserved 1048576K
}
Event: 7.767 GC heap after
{Heap after GC invocations=35 (full 0):
 garbage-first heap   total 118784K, used 43984K [0x0000000704400000, 0x0000000800000000)
  region size 2048K, 3 young (6144K), 3 survivors (6144K)
 Metaspace       used 94971K, committed 95680K, reserved 1179648K
  class space    used 12187K, committed 12544K, reserved 1048576K
}
Event: 8.247 GC heap before
{Heap before GC invocations=36 (full 0):
 garbage-first heap   total 118784K, used 103376K [0x0000000704400000, 0x0000000800000000)
  region size 2048K, 32 young (65536K), 3 survivors (6144K)
 Metaspace       used 97800K, committed 98560K, reserved 1179648K
  class space    used 12571K, committed 12928K, reserved 1048576K
}
Event: 8.251 GC heap after
{Heap after GC invocations=37 (full 0):
 garbage-first heap   total 118784K, used 46064K [0x0000000704400000, 0x0000000800000000)
  region size 2048K, 4 young (8192K), 4 survivors (8192K)
 Metaspace       used 97800K, committed 98560K, reserved 1179648K
  class space    used 12571K, committed 12928K, reserved 1048576K
}
Event: 8.636 GC heap before
{Heap before GC invocations=37 (full 0):
 garbage-first heap   total 118784K, used 99312K [0x0000000704400000, 0x0000000800000000)
  region size 2048K, 30 young (61440K), 4 survivors (8192K)
 Metaspace       used 100943K, committed 101696K, reserved 1179648K
  class space    used 13020K, committed 13376K, reserved 1048576K
}
Event: 8.641 GC heap after
{Heap after GC invocations=38 (full 0):
 garbage-first heap   total 118784K, used 48254K [0x0000000704400000, 0x0000000800000000)
  region size 2048K, 4 young (8192K), 4 survivors (8192K)
 Metaspace       used 100943K, committed 101696K, reserved 1179648K
  class space    used 13020K, committed 13376K, reserved 1048576K
}
Event: 9.356 GC heap before
{Heap before GC invocations=38 (full 0):
 garbage-first heap   total 118784K, used 99454K [0x0000000704400000, 0x0000000800000000)
  region size 2048K, 29 young (59392K), 4 survivors (8192K)
 Metaspace       used 105054K, committed 105856K, reserved 1179648K
  class space    used 13662K, committed 14016K, reserved 1048576K
}
Event: 9.360 GC heap after
{Heap after GC invocations=39 (full 0):
 garbage-first heap   total 118784K, used 50339K [0x0000000704400000, 0x0000000800000000)
  region size 2048K, 3 young (6144K), 3 survivors (6144K)
 Metaspace       used 105054K, committed 105856K, reserved 1179648K
  class space    used 13662K, committed 14016K, reserved 1048576K
}
Event: 10.155 GC heap before
{Heap before GC invocations=40 (full 0):
 garbage-first heap   total 118784K, used 103587K [0x0000000704400000, 0x0000000800000000)
  region size 2048K, 29 young (59392K), 3 survivors (6144K)
 Metaspace       used 109751K, committed 110528K, reserved 1179648K
  class space    used 14300K, committed 14656K, reserved 1048576K
}
Event: 10.159 GC heap after
{Heap after GC invocations=41 (full 0):
 garbage-first heap   total 143360K, used 51356K [0x0000000704400000, 0x0000000800000000)
  region size 2048K, 2 young (4096K), 2 survivors (4096K)
 Metaspace       used 109751K, committed 110528K, reserved 1179648K
  class space    used 14300K, committed 14656K, reserved 1048576K
}
Event: 19.584 GC heap before
{Heap before GC invocations=41 (full 0):
 garbage-first heap   total 143360K, used 129180K [0x0000000704400000, 0x0000000800000000)
  region size 2048K, 40 young (81920K), 2 survivors (4096K)
 Metaspace       used 114233K, committed 115008K, reserved 1179648K
  class space    used 14701K, committed 15040K, reserved 1048576K
}
Event: 19.589 GC heap after
{Heap after GC invocations=42 (full 0):
 garbage-first heap   total 143360K, used 52263K [0x0000000704400000, 0x0000000800000000)
  region size 2048K, 3 young (6144K), 3 survivors (6144K)
 Metaspace       used 114233K, committed 115008K, reserved 1179648K
  class space    used 14701K, committed 15040K, reserved 1048576K
}
Event: 33.671 GC heap before
{Heap before GC invocations=42 (full 0):
 garbage-first heap   total 143360K, used 128039K [0x0000000704400000, 0x0000000800000000)
  region size 2048K, 40 young (81920K), 3 survivors (6144K)
 Metaspace       used 116177K, committed 116992K, reserved 1179648K
  class space    used 14808K, committed 15168K, reserved 1048576K
}
Event: 33.676 GC heap after
{Heap after GC invocations=43 (full 0):
 garbage-first heap   total 143360K, used 54203K [0x0000000704400000, 0x0000000800000000)
  region size 2048K, 3 young (6144K), 3 survivors (6144K)
 Metaspace       used 116177K, committed 116992K, reserved 1179648K
  class space    used 14808K, committed 15168K, reserved 1048576K
}

